[2016.03.18-21.38.02:282][  0]Log file open, 03/18/16 22:38:02
[2016.03.18-21.38.02:282][  0]LogInit:Display: Running engine for game: RunGameProto
[2016.03.18-21.38.02:282][  0]LogPlatformFile: Not using cached read wrapper
[2016.03.18-21.38.02:282][  0]LogInit:Display: RandInit(-1123666381) SRandInit(-1123666379).
[2016.03.18-21.38.02:282][  0]LogTaskGraph: Started task graph with 4 named threads and 7 total threads.
[2016.03.18-21.38.02:282][  0]LogStats: Stats thread started at 0.095234
[2016.03.18-21.38.02:282][  0]LogInit: Version: 4.10.4-2872498+++depot+UE4-Releases+4.10
[2016.03.18-21.38.02:282][  0]LogInit: API Version: 2758231
[2016.03.18-21.38.02:282][  0]LogInit: Compiled (64-bit): Feb 18 2016 15:47:04
[2016.03.18-21.38.02:282][  0]LogInit: Compiled with Visual C++: 19.00.23026.00
[2016.03.18-21.38.02:282][  0]LogInit: Build Configuration: Development
[2016.03.18-21.38.02:282][  0]LogInit: Branch Name: ++depot+UE4-Releases+4.10
[2016.03.18-21.38.02:282][  0]LogInit: Command line: -EpicPortal 
[2016.03.18-21.38.02:282][  0]LogInit: Base directory: D:/Programme/Epic Games/4.10/Engine/Binaries/Win64/
[2016.03.18-21.38.02:282][  0]LogInit: Rocket: 1
[2016.03.18-21.38.02:287][  0]LogInit: Using libcurl 7.41.0
[2016.03.18-21.38.02:287][  0]LogInit:  - built for x86_64-pc-win32
[2016.03.18-21.38.02:288][  0]LogInit:  - supports SSL with WinSSL
[2016.03.18-21.38.02:288][  0]LogInit:  - other features:
[2016.03.18-21.38.02:288][  0]LogInit:      CURL_VERSION_SSL
[2016.03.18-21.38.02:288][  0]LogInit:      CURL_VERSION_IPV6
[2016.03.18-21.38.02:288][  0]LogInit:      CURL_VERSION_ASYNCHDNS
[2016.03.18-21.38.02:288][  0]LogInit:      CURL_VERSION_LARGEFILE
[2016.03.18-21.38.02:288][  0]LogInit:      CURL_VERSION_IDN
[2016.03.18-21.38.02:288][  0]LogInit:  CurlRequestOptions (configurable via config and command line):
[2016.03.18-21.38.02:288][  0]LogInit:  - bVerifyPeer = true  - Libcurl will verify peer certificate
[2016.03.18-21.38.02:288][  0]LogInit:  - bUseHttpProxy = false  - Libcurl will NOT use HTTP proxy
[2016.03.18-21.38.02:288][  0]LogInit:  - bDontReuseConnections = false  - Libcurl will reuse connections
[2016.03.18-21.38.02:288][  0]LogInit:  - CertBundlePath = nullptr  - Libcurl will use whatever was configured at build time.
[2016.03.18-21.38.02:292][  0]LogInit: Presizing for 0 objects not considered by GC, pre-allocating 0 bytes.
[2016.03.18-21.38.02:297][  0]LogInit: Object subsystem initialized
[2016.03.18-21.38.02:298][  0]LogInit: Selected Device Profile: [Windows]
[2016.03.18-21.38.02:298][  0]LogInit: Applying CVar settings loaded from the selected device profile: [Windows]
[2016.03.18-21.38.02:379][  0]LogInit: Computer: MUHAMMED
[2016.03.18-21.38.02:379][  0]LogInit: User: Mkanzildiy
[2016.03.18-21.38.02:379][  0]LogInit: CPU Page size=4096, Cores=4
[2016.03.18-21.38.02:379][  0]LogInit: High frequency timer resolution =3.906242 MHz
[2016.03.18-21.38.02:379][  0]LogMemory: Memory total: Physical=7.8GB (8GB approx)
[2016.03.18-21.38.02:379][  0]LogMemory: Platform Memory Stats for Windows
[2016.03.18-21.38.02:379][  0]LogMemory: Process Physical Memory: 56.17 MB used, 56.17 MB peak
[2016.03.18-21.38.02:379][  0]LogMemory: Process Virtual Memory: 58.80 MB used, 58.80 MB peak
[2016.03.18-21.38.02:379][  0]LogMemory: Physical Memory: 6026.54 MB used, 8028.31 MB total
[2016.03.18-21.38.02:379][  0]LogMemory: Virtual Memory: 385.79 MB used, 134217728.00 MB total
[2016.03.18-21.38.02:412][  0]LogTextLocalizationManager: No specific translations for ('en-US') exist, so ('en') translations will be used.
[2016.03.18-21.38.02:859][  0]LogD3D11RHI: Found D3D11 adapter 0: NVIDIA GeForce GTX 970 (Feature Level 11_0)
[2016.03.18-21.38.02:859][  0]LogD3D11RHI: Adapter has 4007MB of dedicated video memory, 0MB of dedicated system memory, and 4014MB of shared system memory, 2 output[s]
[2016.03.18-21.38.02:865][  0]LogD3D11RHI: Found D3D11 adapter 1: Intel(R) HD Graphics 4600 (Feature Level 11_0)
[2016.03.18-21.38.02:865][  0]LogD3D11RHI: Adapter has 112MB of dedicated video memory, 0MB of dedicated system memory, and 4014MB of shared system memory, 0 output[s]
[2016.03.18-21.38.02:866][  0]LogD3D11RHI: Found D3D11 adapter 2: Microsoft Basic Render Driver (Feature Level 11_0)
[2016.03.18-21.38.02:866][  0]LogD3D11RHI: Adapter has 0MB of dedicated video memory, 0MB of dedicated system memory, and 4014MB of shared system memory, 0 output[s]
[2016.03.18-21.38.02:866][  0]LogD3D11RHI: Chosen D3D11 Adapter Id = 0
[2016.03.18-21.38.02:872][  0]LogD3D11RHI: !Direct3DDevice
[2016.03.18-21.38.02:872][  0]LogRHI: Texture pool is 1361 MB (70% of 1945 MB)
[2016.03.18-21.38.02:889][  0]LogD3D11RHI: Async texture creation enabled
[2016.03.18-21.38.02:898][  0]LogShaderCompilers: Guid format shader working directory is -42 characters bigger than the processId version (../../../../../../Users/Mkanzildiy/Documents/GitHub/UnrealEngineGameNr1/Runner/RunGameProto/Intermediate/Shaders/WorkingDirectory/1948/).
[2016.03.18-21.38.02:898][  0]LogShaderCompilers: Cleaned the shader compiler working directory 'C:/Users/MKANZI~1/AppData/Local/Temp/UnrealShaderWorkingDir/6A733EA34DD2DF1D9E8926B35C9D79BE/'.
[2016.03.18-21.38.02:898][  0]LogShaderCompilers:Display: Using Local Shader Compiler.
[2016.03.18-21.38.03:662][  0]LogTemp:Display: Loaded TP AllDesktopTargetPlatform
[2016.03.18-21.38.03:666][  0]LogTemp:Display: Loaded TP WindowsClientTargetPlatform
[2016.03.18-21.38.03:672][  0]LogTemp:Display: Loaded TP WindowsNoEditorTargetPlatform
[2016.03.18-21.38.03:676][  0]LogTemp:Display: Loaded TP WindowsServerTargetPlatform
[2016.03.18-21.38.03:679][  0]LogTemp:Display: Loaded TP WindowsTargetPlatform
[2016.03.18-21.38.03:681][  0]LogTemp:Display: Loaded TP AndroidTargetPlatform
[2016.03.18-21.38.03:682][  0]LogTemp:Display: Loaded TP Android_ASTCTargetPlatform
[2016.03.18-21.38.03:686][  0]LogTemp:Display: Loaded TP Android_ATCTargetPlatform
[2016.03.18-21.38.03:690][  0]LogTemp:Display: Loaded TP Android_DXTTargetPlatform
[2016.03.18-21.38.03:694][  0]LogTemp:Display: Loaded TP Android_ETC1TargetPlatform
[2016.03.18-21.38.03:696][  0]LogTemp:Display: Loaded TP Android_ETC2TargetPlatform
[2016.03.18-21.38.03:703][  0]LogTemp:Display: Loaded TP Android_MultiTargetPlatform
[2016.03.18-21.38.03:703][  0]LogTemp:Display: Loaded TP Android_PVRTCTargetPlatform
[2016.03.18-21.38.03:704][  0]LogTemp:Display: Loaded TP HTML5TargetPlatform
[2016.03.18-21.38.03:720][  0]LogTemp:Display: Loaded TP IOSTargetPlatform
[2016.03.18-21.38.03:723][  0]LogTemp:Display: Loaded TP LinuxNoEditorTargetPlatform
[2016.03.18-21.38.03:726][  0]LogTemp:Display: Loaded TP LinuxServerTargetPlatform
[2016.03.18-21.38.03:729][  0]LogTemp:Display: Loaded TP LinuxTargetPlatform
[2016.03.18-21.38.03:729][  0]LogTargetPlatformManager:Display: Building Assets For Windows
[2016.03.18-21.38.03:778][  0]LogDerivedDataCache:Display: Max Cache Size: 512 MB
[2016.03.18-21.38.03:823][  0]LogDerivedDataCache: Loaded boot cache 0.04s 41MB C:/Users/Mkanzildiy/AppData/Local/UnrealEngine/4.10/DerivedDataCache/Boot.ddc.
[2016.03.18-21.38.03:823][  0]LogDerivedDataCache:Display: Loaded Boot cache: C:/Users/Mkanzildiy/AppData/Local/UnrealEngine/4.10/DerivedDataCache/Boot.ddc
[2016.03.18-21.38.03:823][  0]LogDerivedDataCache: FDerivedDataBackendGraph:  Pak pak cache file ../../../../../../Users/Mkanzildiy/Documents/GitHub/UnrealEngineGameNr1/Runner/RunGameProto/DerivedDataCache/DDC.ddp not found, will not use a pak cache.
[2016.03.18-21.38.03:823][  0]LogDerivedDataCache: Unable to find inner node Pak for hierarchical cache Hierarchy.
[2016.03.18-21.38.03:823][  0]LogDerivedDataCache: FDerivedDataBackendGraph:  CompressedPak pak cache file ../../../../../../Users/Mkanzildiy/Documents/GitHub/UnrealEngineGameNr1/Runner/RunGameProto/DerivedDataCache/Compressed.ddp not found, will not use a pak cache.
[2016.03.18-21.38.03:823][  0]LogDerivedDataCache: Unable to find inner node CompressedPak for hierarchical cache Hierarchy.
[2016.03.18-21.38.03:875][  0]LogDerivedDataCache:Display: Pak cache opened for reading ../../../Engine/DerivedDataCache/Compressed.ddp.
[2016.03.18-21.38.03:887][  0]LogDerivedDataCache: Using Local data cache path C:/Users/Mkanzildiy/AppData/Local/UnrealEngine/Common/DerivedDataCache: Writable
[2016.03.18-21.38.04:040][  0]LogInit: Selected Device Profile: [Windows]
[2016.03.18-21.38.04:042][  0]LogContentStreaming: Texture pool size is 0.000000MB
[2016.03.18-21.38.04:181][  0]LogMeshUtilities: No automatic mesh reduction module available
[2016.03.18-21.38.04:181][  0]LogMeshUtilities: No automatic mesh merging module available
[2016.03.18-21.38.04:489][  0]LogInit: WinSock: version 1.1 (2.2), MaxSocks=32767, MaxUdp=65467
[2016.03.18-21.38.05:142][  0]UdpMessaging: Initializing bridge on interface 0.0.0.0:0 to multicast group 230.0.0.1:6666.
[2016.03.18-21.38.05:226][  0]LogAssetRegistry: FAssetRegistry took 0.0107 seconds to start up
[2016.03.18-21.38.05:340][  0]SourceControl: Info Source control is disabled
[2016.03.18-21.38.05:347][  0]SourceControl: Info Source control is disabled
[2016.03.18-21.38.05:354][  0]SourceControl: Info Source control is disabled
[2016.03.18-21.38.05:360][  0]SourceControl: Info Source control is disabled
[2016.03.18-21.38.05:504][  0]LogObj: 28633 objects as part of root set at end of initial load.
[2016.03.18-21.38.05:504][  0]LogUObjectAllocator: 6099752 out of 0 bytes used by permanent object pool.
[2016.03.18-21.38.05:549][  0]LogEngine: Initializing Engine...
[2016.03.18-21.38.05:550][  0]LogHMD: Can't find Oculus library dev build: is proper Runtime installed? Version: 0.8.0.0
[2016.03.18-21.38.05:551][  0]LogHMD: SteamVR failed to initialize.  Err: 110
[2016.03.18-21.38.05:661][  0]LogAIModule: Creating AISystem for world NewWorld
[2016.03.18-21.38.05:668][  0]LogInit: XAudio2 using 'Speakers (Realtek High Definition Audio)' : 2 channels at 48 kHz using 32 bits per sample (channel mask 0x3)
[2016.03.18-21.38.05:679][  0]LogInit: FAudioDevice initialized.
[2016.03.18-21.38.05:705][  0]LogDerivedDataCache: Saved boot cache 0.03s 41MB C:/Users/Mkanzildiy/AppData/Local/UnrealEngine/4.10/DerivedDataCache/Boot.ddc.
[2016.03.18-21.38.05:711][  0]LogInit: Texture streaming: Enabled
[2016.03.18-21.38.05:713][  0]LogAnalytics: Creating configured Analytics provider AnalyticsET
[2016.03.18-21.38.05:713][  0]LogAnalytics: [UEEditor.Rocket.Release] APIServer = http://et2.epicgames.com/ET2/. AppVersion = 4.10.4-2872498+++depot+UE4-Releases+4.10
[2016.03.18-21.38.05:714][  0]LogAnalytics: [UEEditor.Rocket.Release] SetUserId 2fe8d6d2492a36a1f63964be9bcfb4ac|2282cbabb9f64277a44e3efe37a572bc|c4bdbde8-8efc-4f11-82bd-8377b323bc1a
[2016.03.18-21.38.05:714][  0]LogAnalytics: [UEEditor.Rocket.Release] AnalyticsET::StartSession
[2016.03.18-21.38.05:787][  0]LogInit: Transaction tracking system initialized
[2016.03.18-21.38.05:807][  0]BlueprintLog: New page: Editor Load
[2016.03.18-21.38.06:557][  0]LocalizationService: Info Localization service is disabled
[2016.03.18-21.38.06:612][  0]LogConsoleResponse:Display: 
[2016.03.18-21.38.07:079][  0]LogCook:Display: Done creating registry. It took  0.00s.
[2016.03.18-21.38.07:152][  0]SourceControl: Info Source control is disabled
[2016.03.18-21.38.07:500][  0]LightingResults: New page: Lighting Build
[2016.03.18-21.38.07:502][  0]MapCheck: New page: Map Check
[2016.03.18-21.38.07:502][  0]LightingResults: New page: Lighting Build
[2016.03.18-21.38.07:513][  0]LogParticles: Destroying 0 GPU particle simulations for FXSystem 0x0000020A61503B00
[2016.03.18-21.38.09:876][  0]LogFileCache: Scanning file cache for directory 'D:/Users/Mkanzildiy/Documents/GitHub/UnrealEngineGameNr1/Runner/RunGameProto/Content/' took 1.45s
[2016.03.18-21.38.16:405][  0]LogAIModule: Creating AISystem for world ThirdPersonExampleMap
[2016.03.18-21.38.17:817][  0]LogEditorServer: Finished looking for orphan Actors (0.000 secs)
[2016.03.18-21.38.17:843][  0]Cmd: MAP CHECKDEP NOCLEARLOG
[2016.03.18-21.38.17:881][  0]MapCheck: Info Map check complete: 0 Error(s), 0 Warning(s), took 37.948ms to complete.
[2016.03.18-21.38.17:881][  0]LogFileHelpers: Loading map 'ThirdPersonExampleMap' took 10.728
[2016.03.18-21.38.19:401][  0]LogCollectionManager: Loaded 0 collections in 0.000886 seconds
[2016.03.18-21.38.19:675][  0]LogFileCache: Scanning file cache for directory 'D:/Users/Mkanzildiy/Documents/GitHub/UnrealEngineGameNr1/Runner/RunGameProto/Saved/Collections/' took 0.01s
[2016.03.18-21.38.19:675][  0]LogFileCache: Scanning file cache for directory 'D:/Users/Mkanzildiy/Documents/GitHub/UnrealEngineGameNr1/Runner/RunGameProto/Content/Developers/Mkanzildiy/Collections/' took 0.01s
[2016.03.18-21.38.19:675][  0]LogFileCache: Scanning file cache for directory 'D:/Users/Mkanzildiy/Documents/GitHub/UnrealEngineGameNr1/Runner/RunGameProto/Content/Collections/' took 0.01s
[2016.03.18-21.38.19:675][  0]LogCollectionManager: Rebuilt the GUID cache for 0 collections in 0.000002 seconds
[2016.03.18-21.38.19:686][  0]LogContentBrowser: Native class hierarchy populated in 0.0081 seconds. Added 1893 classes and 338 folders.
[2016.03.18-21.38.19:868][  0]LogContentBrowser: Native class hierarchy updated for 'WidgetCarousel' in 0.0007 seconds. Added 0 classes and 0 folders.
[2016.03.18-21.38.23:640][  0]LogContentBrowser: Native class hierarchy updated for 'AddContentDialog' in 0.0003 seconds. Added 0 classes and 0 folders.
[2016.03.18-21.38.24:427][  0]LogContentBrowser: Native class hierarchy updated for 'SceneOutliner' in 0.0004 seconds. Added 1 classes and 2 folders.
[2016.03.18-21.38.26:878][  0]LogCrashTracker: Crashtracker disabled due to settings.
[2016.03.18-21.38.27:533][  0]LogUObjectGlobals:Warning: Failed to find object 'Class None.'
[2016.03.18-21.38.27:697][  0]LogLoad: Full Startup: 27.04 seconds (BP compile: 1.61 seconds)
[2016.03.18-21.38.28:039][  0]LogOcInput: Can't find Oculus library dev build: is proper Runtime installed? Version: 0.8.0.0
[2016.03.18-21.38.28:852][  0]LogContentStreaming: Texture pool size now 1000 MB
[2016.03.18-21.38.30:340][  0]LogRenderer: Reallocating scene render targets to support 1208x572 (Frame:2).
[2016.03.18-21.38.32:398][  5]LogAssetRegistry: Asset discovery search completed in 27.1837 seconds
[2016.03.18-21.38.32:398][  5]LogCollectionManager: Rebuilt the object cache for 0 collections in 0.000001 seconds (found 0 objects)
[2016.03.18-21.38.32:398][  5]LogCollectionManager: Fixed up redirectors for 0 collections in 0.000019 seconds (updated 0 objects)
[2016.03.18-21.48.31:747][471]LogBlueprintUserMessages: Early PlayInEditor Detection: Level '/Game/ThirdPersonBP/Maps/ThirdPersonExampleMap.ThirdPersonExampleMap:PersistentLevel' has LevelScriptBlueprint '/Game/ThirdPersonBP/Maps/ThirdPersonExampleMap.ThirdPersonExampleMap:PersistentLevel.ThirdPersonExampleMap' with GeneratedClass '/Game/ThirdPersonBP/Maps/ThirdPersonExampleMap.ThirdPersonExampleMap_C' with ClassGeneratedBy '/Game/ThirdPersonBP/Maps/ThirdPersonExampleMap.ThirdPersonExampleMap:PersistentLevel.ThirdPersonExampleMap'
[2016.03.18-21.48.31:747][471]LogPlayLevel: PlayLevel: No blueprints needed recompiling
[2016.03.18-21.48.31:784][471]PIE: New page: PIE session: ThirdPersonExampleMap (Mar 18, 2016, 11:48:31 PM)
[2016.03.18-21.48.31:801][471]LogPlayLevel: Creating play world package: /Game/ThirdPersonBP/Maps/UEDPIE_0_ThirdPersonExampleMap
[2016.03.18-21.48.31:907][471]LogPlayLevel: PIE: StaticDuplicateObject took: (0.105598s)
[2016.03.18-21.48.31:908][471]LogAIModule: Creating AISystem for world ThirdPersonExampleMap
[2016.03.18-21.48.31:908][471]LogPlayLevel: PIE: World Init took: (0.000909s)
[2016.03.18-21.48.31:909][471]LogPlayLevel: PIE: Created PIE world by copying editor world from /Game/ThirdPersonBP/Maps/ThirdPersonExampleMap.ThirdPersonExampleMap to /Game/ThirdPersonBP/Maps/UEDPIE_0_ThirdPersonExampleMap.ThirdPersonExampleMap (0.107682s)
[2016.03.18-21.48.32:024][471]LogInit: XAudio2 using 'Speakers (Realtek High Definition Audio)' : 2 channels at 48 kHz using 32 bits per sample (channel mask 0x3)
[2016.03.18-21.48.32:035][471]LogInit: FAudioDevice initialized.
[2016.03.18-21.48.32:495][471]LogWorld: Game class is 'ThirdPersonGameMode_C